
Xvnc TigerVNC 1.8.0 - built May  6 2024 15:01:46
Copyright (C) 1999-2017 TigerVNC Team and many others (see README.txt)
See http://www.tigervnc.org for information on TigerVNC.
Underlying X server release 12004000, The X.Org Foundation


Wed Feb 19 18:20:51 2025
 vncext:      VNC extension running!
 vncext:      Listening for VNC connections on all interface(s), port 5903
 vncext:      created VNC server for screen 0

Wed Feb 19 18:20:54 2025
 ComparingUpdateTracker: 0 pixels in / 0 pixels out
 ComparingUpdateTracker: (1:-nan ratio)

Wed Feb 19 21:34:26 2025
 Connections: accepted: 192.168.31.124::65214
 SConnection: Client needs protocol version 3.8
 SConnection: Client requests security type VncAuth(2)
 VNCSConnST:  Server default pixel format depth 24 (32bpp) little-endian rgb888
 VNCSConnST:  Client pixel format depth 24 (32bpp) little-endian rgb888

Wed Feb 19 21:34:27 2025
 Connections: closed: 192.168.31.124::65214 (Clean disconnection)
 EncodeManager: Framebuffer updates: 2
 EncodeManager:   Hextile:
 EncodeManager:     Full Colour: 36 rects, 2.07391 Mpixels
 EncodeManager:                  2.48668 MiB (1:3.18166 ratio)
 EncodeManager:   Total: 36 rects, 2.07391 Mpixels
 EncodeManager:          2.48668 MiB (1:3.18166 ratio)
 ComparingUpdateTracker: 0 pixels in / 0 pixels out
 ComparingUpdateTracker: (1:-nan ratio)

Wed Feb 19 22:52:00 2025
 Connections: accepted: 192.168.31.124::64362
 SConnection: Client needs protocol version 3.8
 SConnection: Client requests security type VncAuth(2)

Wed Feb 19 22:52:01 2025
 VNCSConnST:  Server default pixel format depth 24 (32bpp) little-endian rgb888
 VNCSConnST:  Client pixel format depth 24 (32bpp) little-endian rgb888

Wed Feb 19 22:53:15 2025
 Connections: closed: 192.168.31.124::64362 (read: Connection reset by peer
              (104))
 EncodeManager: Framebuffer updates: 253
 EncodeManager:   RRE:
 EncodeManager:     Solid: 4 rects, 37.761 kpixels
 EncodeManager:            80 B (1:1888.65 ratio)
 EncodeManager:   Hextile:
 EncodeManager:     Bitmap RLE: 2 rects, 598 pixels
 EncodeManager:                 56 B (1:43.1429 ratio)
 EncodeManager:     Indexed RLE: 29 rects, 367.998 kpixels
 EncodeManager:                  32.3408 KiB (1:44.4587 ratio)
 EncodeManager:     Full Colour: 360 rects, 8.35202 Mpixels
 EncodeManager:                  5.41374 MiB (1:5.88586 ratio)
 EncodeManager:   Total: 395 rects, 8.75837 Mpixels
 EncodeManager:          5.44546 MiB (1:6.13632 ratio)
 ComparingUpdateTracker: 58.9512 Mpixels in / 63.5623 Mpixels out
 ComparingUpdateTracker: (1:0.927455 ratio)

Wed Feb 19 23:00:25 2025
 Connections: accepted: 192.168.31.124::49311
 SConnection: Client needs protocol version 3.8
 SConnection: Client requests security type VncAuth(2)
 VNCSConnST:  Server default pixel format depth 24 (32bpp) little-endian rgb888
 VNCSConnST:  Client pixel format depth 24 (32bpp) little-endian rgb888

Wed Feb 19 23:12:23 2025
 Connections: closed: 192.168.31.124::49311 (read: Connection reset by peer
              (104))
 EncodeManager: Framebuffer updates: 2140
 EncodeManager:   RRE:
 EncodeManager:     Solid: 373 rects, 201.065 kpixels
 EncodeManager:            7.28516 KiB (1:108.41 ratio)
 EncodeManager:   Hextile:
 EncodeManager:     Bitmap RLE: 50 rects, 36.921 kpixels
 EncodeManager:                 1.53418 KiB (1:94.3883 ratio)
 EncodeManager:     Indexed RLE: 821 rects, 3.34051 Mpixels
 EncodeManager:                  348.92 KiB (1:37.4254 ratio)
 EncodeManager:     Full Colour: 2.709 krects, 84.6497 Mpixels
 EncodeManager:                  38.2878 MiB (1:8.43465 ratio)
 EncodeManager:   Total: 3.953 krects, 88.2282 Mpixels
 EncodeManager:          38.6371 MiB (1:8.71206 ratio)
 ComparingUpdateTracker: 423.82 Mpixels in / 515.683 Mpixels out
 ComparingUpdateTracker: (1:0.821861 ratio)

Wed Feb 19 23:23:48 2025
 Connections: accepted: 192.168.31.124::52674
 SConnection: Client needs protocol version 3.8
 SConnection: Client requests security type VncAuth(2)
 VNCSConnST:  Server default pixel format depth 24 (32bpp) little-endian rgb888
 VNCSConnST:  Client pixel format depth 24 (32bpp) little-endian rgb888

Wed Feb 19 23:23:49 2025
 Connections: closed: 192.168.31.124::52674 (Clean disconnection)
 EncodeManager: Framebuffer updates: 6
 EncodeManager:   Hextile:
 EncodeManager:     Indexed RLE: 1 rects, 13.44 kpixels
 EncodeManager:                  2.82227 KiB (1:18.6062 ratio)
 EncodeManager:     Full Colour: 39 rects, 2.1682 Mpixels
 EncodeManager:                  1.60808 MiB (1:5.14369 ratio)
 EncodeManager:   Total: 40 rects, 2.18164 Mpixels
 EncodeManager:          1.61084 MiB (1:5.16672 ratio)
 ComparingUpdateTracker: 1.41818 Mpixels in / 1.43355 Mpixels out
 ComparingUpdateTracker: (1:0.989277 ratio)

Wed Feb 19 23:25:11 2025
 Connections: accepted: 192.168.31.124::52801
 SConnection: Client needs protocol version 3.8
 SConnection: Client requests security type VncAuth(2)
 VNCSConnST:  Server default pixel format depth 24 (32bpp) little-endian rgb888
 VNCSConnST:  Client pixel format depth 24 (32bpp) little-endian rgb888

Wed Feb 19 23:25:54 2025
 Connections: closed: 192.168.31.124::52801 (Clean disconnection)
 EncodeManager: Framebuffer updates: 54
 EncodeManager:   RRE:
 EncodeManager:     Solid: 2 rects, 598 pixels
 EncodeManager:            40 B (1:60.4 ratio)
 EncodeManager:   Hextile:
 EncodeManager:     Bitmap RLE: 4 rects, 10.087 kpixels
 EncodeManager:                 174 B (1:232.161 ratio)
 EncodeManager:     Indexed RLE: 17 rects, 422.06 kpixels
 EncodeManager:                  14.4785 KiB (1:113.884 ratio)
 EncodeManager:     Full Colour: 121 rects, 4.83362 Mpixels
 EncodeManager:                  3.34928 MiB (1:5.50572 ratio)
 EncodeManager:   Total: 144 rects, 5.26637 Mpixels
 EncodeManager:          3.36362 MiB (1:5.9731 ratio)
 ComparingUpdateTracker: 10.8505 Mpixels in / 13.7856 Mpixels out
 ComparingUpdateTracker: (1:0.787086 ratio)

Thu Feb 20 12:45:14 2025
 Connections: accepted: 192.168.31.124::50980
 SConnection: Client needs protocol version 3.8
 SConnection: Client requests security type VncAuth(2)
 VNCSConnST:  Server default pixel format depth 24 (32bpp) little-endian rgb888
 VNCSConnST:  Client pixel format depth 24 (32bpp) little-endian rgb888

Thu Feb 20 12:45:28 2025
 Connections: closed: 192.168.31.124::50980 (Clean disconnection)
 EncodeManager: Framebuffer updates: 79
 EncodeManager:   RRE:
 EncodeManager:     Solid: 5 rects, 3.116 kpixels
 EncodeManager:            100 B (1:125.24 ratio)
 EncodeManager:   Hextile:
 EncodeManager:     Bitmap RLE: 6 rects, 1.794 kpixels
 EncodeManager:                 168 B (1:43.1429 ratio)
 EncodeManager:     Indexed RLE: 27 rects, 339.072 kpixels
 EncodeManager:                  21.627 KiB (1:61.2577 ratio)
 EncodeManager:     Full Colour: 142 rects, 6.90644 Mpixels
 EncodeManager:                  5.05149 MiB (1:5.21581 ratio)
 EncodeManager:   Total: 180 rects, 7.25042 Mpixels
 EncodeManager:          5.07286 MiB (1:5.45258 ratio)
 ComparingUpdateTracker: 32.5683 Mpixels in / 37.3215 Mpixels out
 ComparingUpdateTracker: (1:0.872642 ratio)

Thu Feb 20 12:50:35 2025
 Connections: accepted: 192.168.31.124::51762
 SConnection: Client needs protocol version 3.8
 SConnection: Client requests security type VncAuth(2)
 VNCSConnST:  Server default pixel format depth 24 (32bpp) little-endian rgb888
 VNCSConnST:  Client pixel format depth 24 (32bpp) little-endian rgb888

Thu Feb 20 12:50:41 2025
 Connections: closed: 192.168.31.124::51762 (Clean disconnection)
 EncodeManager: Framebuffer updates: 6
 EncodeManager:   Hextile:
 EncodeManager:     Indexed RLE: 2 rects, 16.296 kpixels
 EncodeManager:                  4.61719 KiB (1:13.7919 ratio)
 EncodeManager:     Full Colour: 34 rects, 2.10429 Mpixels
 EncodeManager:                  2.77201 MiB (1:2.89596 ratio)
 EncodeManager:   Total: 36 rects, 2.12059 Mpixels
 EncodeManager:          2.77652 MiB (1:2.91366 ratio)
 ComparingUpdateTracker: 176.528 kpixels in / 176.528 kpixels out
 ComparingUpdateTracker: (1:1 ratio)

Thu Feb 20 14:58:02 2025
 Connections: accepted: 192.168.31.1::54559
 SConnection: Client needs protocol version 3.8
 SConnection: Client requests security type VncAuth(2)
 VNCSConnST:  Server default pixel format depth 24 (32bpp) little-endian rgb888
 VNCSConnST:  Client pixel format depth 24 (32bpp) little-endian rgb888

Thu Feb 20 15:04:40 2025
 Input:       Added unknown keysym 0x100ff1a to keycode 253

Thu Feb 20 15:06:06 2025
 Connections: closed: 192.168.31.1::54559 (Clean disconnection)
 EncodeManager: Framebuffer updates: 1408
 EncodeManager:   RRE:
 EncodeManager:     Solid: 52 rects, 67.045 kpixels
 EncodeManager:            1.01562 KiB (1:258.465 ratio)
 EncodeManager:   ZRLE:
 EncodeManager:     Bitmap RLE: 34 rects, 54.112 kpixels
 EncodeManager:                 1.05664 KiB (1:200.421 ratio)
 EncodeManager:     Indexed RLE: 754 rects, 1.70214 Mpixels
 EncodeManager:                  98.4492 KiB (1:67.627 ratio)
 EncodeManager:     Full Colour: 1.545 krects, 41.1999 Mpixels
 EncodeManager:                  8.30354 MiB (1:18.9296 ratio)
 EncodeManager:   Total: 2.385 krects, 43.0232 Mpixels
 EncodeManager:          8.40171 MiB (1:19.5374 ratio)
 ComparingUpdateTracker: 250.865 Mpixels in / 292.351 Mpixels out
 ComparingUpdateTracker: (1:0.858094 ratio)

Sat Feb 22 12:19:46 2025
 Connections: accepted: 192.168.31.124::51201
 SConnection: Client needs protocol version 3.8
 SConnection: Client requests security type VncAuth(2)
 VNCSConnST:  Server default pixel format depth 24 (32bpp) little-endian rgb888
 VNCSConnST:  Client pixel format depth 24 (32bpp) little-endian rgb888
